<?xml version="1.0" encoding="UTF-8"?>
<testng-results skipped="0" failed="0" ignored="0" total="2" passed="2">
  <reporter-output>
  </reporter-output>
  <suite name="Suite" duration-ms="36138" started-at="2022-04-07T19:06:39 IST" finished-at="2022-04-07T19:07:15 IST">
    <groups>
    </groups>
    <test name="Test" duration-ms="36138" started-at="2022-04-07T19:06:39 IST" finished-at="2022-04-07T19:07:15 IST">
      <class name="com.salesforce.LoginTest">
        <test-method status="PASS" signature="loginTest()[pri:0, instance:com.salesforce.LoginTest@6ee52dcd]" name="loginTest" duration-ms="27132" started-at="2022-04-07T19:06:39 IST" finished-at="2022-04-07T19:07:06 IST">
          <reporter-output>
          </reporter-output>
        </test-method> <!-- loginTest -->
      </class> <!-- com.salesforce.LoginTest -->
      <class name="com.salesforce.CreateTrialAccount">
        <test-method status="PASS" signature="createTrialAccountTest()[pri:0, instance:com.salesforce.CreateTrialAccount@1563da5]" name="createTrialAccountTest" duration-ms="8940" started-at="2022-04-07T19:07:06 IST" finished-at="2022-04-07T19:07:15 IST">
          <reporter-output>
          </reporter-output>
        </test-method> <!-- createTrialAccountTest -->
      </class> <!-- com.salesforce.CreateTrialAccount -->
    </test> <!-- Test -->
  </suite> <!-- Suite -->
</testng-results>
